<?xml version="1.0" encoding="UTF-8" ?>
<testsuite tests="2" failures="0" name="CucumberRunner.TestRunner" time="15.084" errors="2" skipped="0">
  <properties>
[...]
</properties>
  <testcase classname="Sample Feature Only" name="I want to do something #1" time="7.87">
    <error message="The step &apos;I see String_String&apos; is undefined.
You can implement this step using the snippet(s) below:

@Then(&quot;I see String_String&quot;)
public void i_see_string_string() {
    // Write code here that turns the phrase above into concrete actions
    throw new io.cucumber.java.PendingException();
}
" type="io.cucumber.junit.UndefinedStepException">io.cucumber.junit.UndefinedStepException: The step &apos;I see String_String&apos; is undefined.
You can implement this step using the snippet(s) below:

@Then(&quot;I see String_String&quot;)
public void i_see_string_string() {
    // Write code here that turns the phrase above into concrete actions
    throw new io.cucumber.java.PendingException();
}

</error>
    <system-out>
@tag1
Scenario Outline: I want to do something # src/test/resources/FeatureFile/SampleTest.feature:11
/Users/garypantorillo/Documents/DemoCucumber/CucumberProj
  Given I access the something           # StepDefinitions.SampleTest_StepDef.i_access_the_something()
asdasd34324
  When I input something                 # StepDefinitions.SampleTest_StepDef.i_input_something()
  Then I see String_String               # null
</system-out>
    <system-err>Starting ChromeDriver 90.0.4430.24 (4c6d850f087da467d926e8eddb76550aed655991-refs/branch-heads/4430@{#429}) on port 13434
Only local connections are allowed.
Please see https://chromedriver.chromium.org/security-considerations for suggestions on keeping ChromeDriver safe.
ChromeDriver was started successfully.
Apr 28, 2021 9:02:08 AM org.openqa.selenium.remote.ProtocolHandshake createSession
INFO: Detected dialect: W3C
</system-err>
  </testcase>
  <testcase classname="Sample Feature Only" name="I want to do something #2" time="7.214">
    <error message="The step &apos;I see String_Strings&apos; is undefined.
You can implement this step using the snippet(s) below:

@Then(&quot;I see String_Strings&quot;)
public void i_see_string_strings() {
    // Write code here that turns the phrase above into concrete actions
    throw new io.cucumber.java.PendingException();
}
" type="io.cucumber.junit.UndefinedStepException">io.cucumber.junit.UndefinedStepException: The step &apos;I see String_Strings&apos; is undefined.
You can implement this step using the snippet(s) below:

@Then(&quot;I see String_Strings&quot;)
public void i_see_string_strings() {
    // Write code here that turns the phrase above into concrete actions
    throw new io.cucumber.java.PendingException();
}

</error>
    <system-out>
@tag1
Scenario Outline: I want to do something # src/test/resources/FeatureFile/SampleTest.feature:12
/Users/garypantorillo/Documents/DemoCucumber/CucumberProj
  Given I access the something           # StepDefinitions.SampleTest_StepDef.i_access_the_something()
asdasd34324
  When I input something                 # StepDefinitions.SampleTest_StepDef.i_input_something()
  Then I see String_Strings              # null
</system-out>
    <system-err>Starting ChromeDriver 90.0.4430.24 (4c6d850f087da467d926e8eddb76550aed655991-refs/branch-heads/4430@{#429}) on port 2997
Only local connections are allowed.
Please see https://chromedriver.chromium.org/security-considerations for suggestions on keeping ChromeDriver safe.
ChromeDriver was started successfully.
Apr 28, 2021 9:02:14 AM org.openqa.selenium.remote.ProtocolHandshake createSession
INFO: Detected dialect: W3C
</system-err>
  </testcase>
</testsuite>